<?xml version="1.0" encoding="UTF-8"?>
<!-- Generated by org.testng.reporters.JUnitReportReporter -->
<testsuite hostname="DESKTOP-4U884EQ" failures="0" tests="2" name="jaimavenAuto.Restapi" time="0.000" errors="0" timestamp="2022-01-23T14:03:12 IST" skipped="0">
  <testcase classname="jaimavenAuto.Restapi" name="add" time="0.000"/>
  <system-out/>
  <testcase classname="jaimavenAuto.Restapi" name="delete" time="0.000"/>
  <system-out/>
</testsuite> <!-- jaimavenAuto.Restapi -->
