<?xml version="1.0" encoding="UTF-8"?>
<!-- Generated by org.testng.reporters.JUnitReportReporter -->
<testsuite hostname="DESKTOP-4U884EQ" failures="0" tests="2" name="jaimavenAuto.AppiumTest" time="0.000" errors="0" timestamp="2022-01-23T14:30:39 IST" skipped="0">
  <testcase classname="jaimavenAuto.AppiumTest" name="nativeapps" time="0.000"/>
  <system-out/>
  <testcase classname="jaimavenAuto.AppiumTest" name="ios" time="0.000"/>
  <system-out/>
</testsuite> <!-- jaimavenAuto.AppiumTest -->
