<?xml version="1.0" encoding="UTF-8"?>
<!-- Generated by org.testng.reporters.JUnitReportReporter -->
<testsuite hostname="DESKTOP-4U884EQ" failures="0" tests="1" name="jaimavenAuto.SeleniumTest" time="0.009" errors="0" timestamp="2022-01-23T14:30:39 IST" skipped="0">
  <testcase classname="jaimavenAuto.SeleniumTest" name="webelement" time="0.009"/>
  <system-out/>
</testsuite> <!-- jaimavenAuto.SeleniumTest -->
